c:\users\jurja\source\repos\proiect\agendatelefonica\agendatelefonica\agendatelefonica\x64\debug\agendatelefonica.pch
c:\users\jurja\source\repos\proiect\agendatelefonica\agendatelefonica\agendatelefonica\x64\debug\vc143.pdb
c:\users\jurja\source\repos\proiect\agendatelefonica\agendatelefonica\agendatelefonica\x64\debug\vc143.idb
c:\users\jurja\source\repos\proiect\agendatelefonica\agendatelefonica\agendatelefonica\x64\debug\pch.obj
c:\users\jurja\source\repos\proiect\agendatelefonica\agendatelefonica\x64\debug\agendatelefonica.exe
c:\users\jurja\source\repos\proiect\agendatelefonica\agendatelefonica\x64\debug\agendatelefonica.pdb
c:\users\jurja\source\repos\proiect\agendatelefonica\agendatelefonica\agendatelefonica\x64\debug\agendatelefonica.res
c:\users\jurja\source\repos\proiect\agendatelefonica\agendatelefonica\agendatelefonica\x64\debug\agendatelefonica.ilk
c:\users\jurja\source\repos\proiect\agendatelefonica\agendatelefonica\agendatelefonica\x64\debug\agendatelefonica.obj
c:\users\jurja\source\repos\proiect\agendatelefonica\agendatelefonica\agendatelefonica\x64\debug\agendatelefonicadlg.obj
c:\users\jurja\source\repos\proiect\agendatelefonica\agendatelefonica\agendatelefonica\x64\debug\agendatelefonica.tlog\cl.command.1.tlog
c:\users\jurja\source\repos\proiect\agendatelefonica\agendatelefonica\agendatelefonica\x64\debug\agendatelefonica.tlog\cl.items.tlog
c:\users\jurja\source\repos\proiect\agendatelefonica\agendatelefonica\agendatelefonica\x64\debug\agendatelefonica.tlog\cl.read.1.tlog
c:\users\jurja\source\repos\proiect\agendatelefonica\agendatelefonica\agendatelefonica\x64\debug\agendatelefonica.tlog\cl.write.1.tlog
c:\users\jurja\source\repos\proiect\agendatelefonica\agendatelefonica\agendatelefonica\x64\debug\agendatelefonica.tlog\link.command.1.tlog
c:\users\jurja\source\repos\proiect\agendatelefonica\agendatelefonica\agendatelefonica\x64\debug\agendatelefonica.tlog\link.read.1.tlog
c:\users\jurja\source\repos\proiect\agendatelefonica\agendatelefonica\agendatelefonica\x64\debug\agendatelefonica.tlog\link.secondary.1.tlog
c:\users\jurja\source\repos\proiect\agendatelefonica\agendatelefonica\agendatelefonica\x64\debug\agendatelefonica.tlog\link.write.1.tlog
c:\users\jurja\source\repos\proiect\agendatelefonica\agendatelefonica\agendatelefonica\x64\debug\agendatelefonica.tlog\rc.command.1.tlog
c:\users\jurja\source\repos\proiect\agendatelefonica\agendatelefonica\agendatelefonica\x64\debug\agendatelefonica.tlog\rc.read.1.tlog
c:\users\jurja\source\repos\proiect\agendatelefonica\agendatelefonica\agendatelefonica\x64\debug\agendatelefonica.tlog\rc.write.1.tlog
